2024-09-27 10:10:33,864 [INFO] Activator:176 - 


2024-09-27 10:10:33,875 [INFO] Activator:177 - !SESSION log4j initialized
2024-09-27 10:10:38,691 [INFO] LogOutputStream:77 - [STDOUT_REDIRECT] 
2024-09-27 10:10:47,231 [INFO] ApplicationProperties:184 - Using Application install path: C:\ST\STM32CubeIDE_1.16.1\STM32CubeIDE\plugins\com.st.stm32cube.common.mx_6.12.1.202409122256
2024-09-27 10:10:47,247 [INFO] DbMcusXml:78 - Set database path to: C:\ST\STM32CubeIDE_1.16.1\STM32CubeIDE\plugins\com.st.stm32cube.common.mx_6.12.1.202409122256\\db\/mcu/
2024-09-27 10:10:47,247 [INFO] ApiDb:274 - Set plugin database path to: C:\ST\STM32CubeIDE_1.16.1\STM32CubeIDE\plugins\com.st.stm32cube.common.mx_6.12.1.202409122256\\db\/plugins/boardmanager/
2024-09-27 10:10:47,248 [WARN] ApiDb:259 - Overriding images path with different value:  => C:\ST\STM32CubeIDE_1.16.1\STM32CubeIDE\plugins\com.st.stm32cube.common.mx_6.12.1.202409122256\\db\/plugins/mcufinder/images/
2024-09-27 10:10:47,254 [INFO] ApiDb:250 - Set database path to: C:\Users\Lenovo\.stmcufinder\plugins\mcufinder//mcu/
2024-09-27 10:10:47,255 [INFO] DbMcusAds:125 - Set database path to: C:\Users\Lenovo\.stmcufinder\plugins\mcufinder//mcu/
2024-09-27 10:10:47,257 [INFO] CrossReferenceDbSqlite:203 - Set database path to: C:\Users\Lenovo\.stmcufinder\plugins\mcufinder//mcu/cs/
2024-09-27 10:10:47,341 [INFO] RulesReader:64 - Compatibility file has been processed (297 Rules)
2024-09-27 10:10:47,442 [INFO] DbMcusXml:78 - Set database path to: C:\ST\STM32CubeIDE_1.16.1\STM32CubeIDE\plugins\com.st.stm32cube.common.mx_6.12.1.202409122256\\db\/mcu/
2024-09-27 10:10:47,442 [INFO] ApiDb:274 - Set plugin database path to: C:\ST\STM32CubeIDE_1.16.1\STM32CubeIDE\plugins\com.st.stm32cube.common.mx_6.12.1.202409122256\\db\/plugins/boardmanager/
2024-09-27 10:10:47,442 [INFO] ApiDb:261 - Set plugin images path to: C:\ST\STM32CubeIDE_1.16.1\STM32CubeIDE\plugins\com.st.stm32cube.common.mx_6.12.1.202409122256\\db\/plugins/mcufinder/images/
2024-09-27 10:10:47,442 [WARN] DbFile:41 - Overriding database path with different value: C:\Users\Lenovo\.stmcufinder\plugins\mcufinder/ => C:\Users\Lenovo\.stmcufinder\plugins\mcufinder
2024-09-27 10:10:47,442 [INFO] ApiDb:250 - Set database path to: C:\Users\Lenovo\.stmcufinder\plugins\mcufinder//mcu/
2024-09-27 10:10:47,442 [WARN] DbFile:41 - Overriding database path with different value: C:\Users\Lenovo\.stmcufinder\plugins\mcufinder/ => C:\Users\Lenovo\.stmcufinder\plugins\mcufinder
2024-09-27 10:10:47,442 [INFO] DbMcusAds:125 - Set database path to: C:\Users\Lenovo\.stmcufinder\plugins\mcufinder//mcu/
2024-09-27 10:10:47,442 [WARN] DbFile:41 - Overriding database path with different value: C:\Users\Lenovo\.stmcufinder\plugins\mcufinder/ => C:\Users\Lenovo\.stmcufinder\plugins\mcufinder
2024-09-27 10:10:47,442 [WARN] DbFile:41 - Overriding database path with different value: C:\Users\Lenovo\.stmcufinder\plugins\mcufinder/ => C:\Users\Lenovo\.stmcufinder\plugins\mcufinder
2024-09-27 10:10:47,443 [INFO] CrossReferenceDbSqlite:203 - Set database path to: C:\Users\Lenovo\.stmcufinder\plugins\mcufinder//mcu/cs/
2024-09-27 10:10:47,525 [INFO] MainPanel:268 - HeapMemory: 268435456
2024-09-27 10:10:47,602 [INFO] DbMcusXml:78 - Set database path to: C:\ST\STM32CubeIDE_1.16.1\STM32CubeIDE\plugins\com.st.stm32cube.common.mx_6.12.1.202409122256\\db\/mcu/
2024-09-27 10:10:47,602 [INFO] ApiDb:274 - Set plugin database path to: C:\ST\STM32CubeIDE_1.16.1\STM32CubeIDE\plugins\com.st.stm32cube.common.mx_6.12.1.202409122256\\db\/plugins/boardmanager/
2024-09-27 10:10:47,602 [INFO] ApiDb:261 - Set plugin images path to: C:\ST\STM32CubeIDE_1.16.1\STM32CubeIDE\plugins\com.st.stm32cube.common.mx_6.12.1.202409122256\\db\/plugins/mcufinder/images/
2024-09-27 10:10:47,602 [WARN] DbFile:41 - Overriding database path with different value: C:\Users\Lenovo\.stmcufinder\plugins\mcufinder/ => C:\Users\Lenovo\.stmcufinder\plugins\mcufinder
2024-09-27 10:10:47,602 [INFO] ApiDb:250 - Set database path to: C:\Users\Lenovo\.stmcufinder\plugins\mcufinder//mcu/
2024-09-27 10:10:47,603 [WARN] DbFile:41 - Overriding database path with different value: C:\Users\Lenovo\.stmcufinder\plugins\mcufinder/ => C:\Users\Lenovo\.stmcufinder\plugins\mcufinder
2024-09-27 10:10:47,603 [INFO] DbMcusAds:125 - Set database path to: C:\Users\Lenovo\.stmcufinder\plugins\mcufinder//mcu/
2024-09-27 10:10:47,603 [WARN] DbFile:41 - Overriding database path with different value: C:\Users\Lenovo\.stmcufinder\plugins\mcufinder/ => C:\Users\Lenovo\.stmcufinder\plugins\mcufinder
2024-09-27 10:10:47,603 [WARN] DbFile:41 - Overriding database path with different value: C:\Users\Lenovo\.stmcufinder\plugins\mcufinder/ => C:\Users\Lenovo\.stmcufinder\plugins\mcufinder
2024-09-27 10:10:47,603 [INFO] CrossReferenceDbSqlite:203 - Set database path to: C:\Users\Lenovo\.stmcufinder\plugins\mcufinder//mcu/cs/
2024-09-27 10:10:47,619 [INFO] ApplicationProperties:184 - Using Application install path: C:\ST\STM32CubeIDE_1.16.1\STM32CubeIDE\plugins\com.st.stm32cube.common.mx_6.12.1.202409122256
2024-09-27 10:10:47,619 [INFO] PluginManage:196 - Search for loadable plugins [exclusion list=, ]
2024-09-27 10:10:47,621 [INFO] PluginManage:310 - Check plugin analytics
2024-09-27 10:10:47,758 [INFO] AnalyticsPlugin:253 - Accepted Software Licenses: STM32CubeMX.6.12.0
2024-09-27 10:10:47,758 [INFO] AnalyticsPlugin:255 - Accepted CMSIS Pack Licenses: 
2024-09-27 10:10:47,758 [INFO] AnalyticsPlugin:257 - Accepted Firmware Licenses: FW.F4.1.28.0
2024-09-27 10:10:47,760 [INFO] PluginManage:359 - Loaded plugin analytics (category:tool,tabindex:-1)
2024-09-27 10:10:47,760 [INFO] PluginManage:310 - Check plugin cadmodel
2024-09-27 10:10:47,766 [INFO] CADModel:105 - Init CAD model plugin
2024-09-27 10:10:47,766 [INFO] PluginManage:359 - Loaded plugin cadmodel (category:power,tabindex:5)
2024-09-27 10:10:47,767 [INFO] PluginManage:310 - Check plugin clock
2024-09-27 10:10:47,775 [INFO] PluginManage:359 - Loaded plugin clock (category:base,tabindex:2)
2024-09-27 10:10:47,775 [INFO] PluginManage:310 - Check plugin ddr
2024-09-27 10:10:47,777 [INFO] PluginManage:359 - Loaded plugin ddr (category:tool,tabindex:6)
2024-09-27 10:10:47,777 [INFO] PluginManage:310 - Check plugin filemanager
2024-09-27 10:10:47,923 [INFO] PluginManage:359 - Loaded plugin filemanager (category:base,tabindex:10)
2024-09-27 10:10:47,923 [INFO] PluginManage:310 - Check plugin ipmanager
2024-09-27 10:10:47,932 [INFO] PluginManage:359 - Loaded plugin ipmanager (category:base,tabindex:5)
2024-09-27 10:10:47,932 [INFO] PluginManage:310 - Check plugin lpbam
2024-09-27 10:10:47,940 [INFO] PluginManage:359 - Loaded plugin lpbam (category:base,tabindex:0)
2024-09-27 10:10:47,940 [INFO] PluginManage:310 - Check plugin memorymap
2024-09-27 10:10:47,953 [INFO] PluginManage:359 - Loaded plugin memorymap (category:base,tabindex:4)
2024-09-27 10:10:47,953 [INFO] PluginManage:310 - Check plugin pinoutandconfiguration
2024-09-27 10:10:47,961 [INFO] PluginManage:359 - Loaded plugin pinoutandconfiguration (category:base,tabindex:1)
2024-09-27 10:10:47,961 [INFO] PluginManage:310 - Check plugin pinoutconfig
2024-09-27 10:10:48,025 [WARN] SupportedApi:132 - Cannot load RTOS API schema: s4s-elt-must-match.1: The content of 'definitions' must match (annotation?, (simpleType | complexType)?, (unique | key | keyref)*)). A problem was found starting at: attribute.
2024-09-27 10:10:48,113 [INFO] PluginManage:359 - Loaded plugin pinoutconfig (category:base,tabindex:0)
2024-09-27 10:10:48,113 [INFO] PluginManage:310 - Check plugin power
2024-09-27 10:10:48,121 [INFO] PluginManage:359 - Loaded plugin power (category:power,tabindex:4)
2024-09-27 10:10:48,121 [INFO] PluginManage:310 - Check plugin projectmanager
2024-09-27 10:10:48,131 [INFO] PluginManage:359 - Loaded plugin projectmanager (category:projectmanager,tabindex:4)
2024-09-27 10:10:48,131 [INFO] PluginManage:310 - Check plugin rif
2024-09-27 10:10:48,136 [INFO] PluginManage:359 - Loaded plugin rif (category:base,tabindex:3)
2024-09-27 10:10:48,136 [INFO] PluginManage:310 - Check plugin thirdparty
2024-09-27 10:10:48,244 [INFO] PluginManage:359 - Loaded plugin thirdparty (category:base,tabindex:-1)
2024-09-27 10:10:48,244 [WARN] IntegrityCheckThread:84 - waiting for thirdparty lock release [integrity check]
2024-09-27 10:10:48,244 [INFO] PluginManage:310 - Check plugin tools
2024-09-27 10:10:48,244 [INFO] IntegrityCheckThread:86 - entering critical section [integrity check]
2024-09-27 10:10:48,245 [INFO] ThirdPartyUpdaterWithRetryManager:70 - Updater plugin not ready yet. [1/15]
2024-09-27 10:10:48,247 [INFO] PluginManage:359 - Loaded plugin tools (category:base,tabindex:7)
2024-09-27 10:10:48,247 [INFO] PluginManage:310 - Check plugin tutovideos
2024-09-27 10:10:48,381 [INFO] PluginManage:359 - Loaded plugin tutovideos (category:base,tabindex:-1)
2024-09-27 10:10:48,381 [INFO] PluginManage:310 - Check plugin updater
2024-09-27 10:10:48,395 [INFO] PluginManage:359 - Loaded plugin updater (category:base,tabindex:12)
2024-09-27 10:10:48,395 [INFO] PluginManage:310 - Check plugin userauth
2024-09-27 10:10:48,400 [INFO] UserAuth:113 - Init User Auth plugin
2024-09-27 10:10:48,400 [INFO] PluginManage:359 - Loaded plugin userauth (category:base,tabindex:14)
2024-09-27 10:10:48,400 [INFO] PluginManage:283 - PluginManage : Loaded plugins [18]
2024-09-27 10:10:48,566 [INFO] PinOutPanel:1561 - setPackage(No Configuration,No Configuration)
2024-09-27 10:10:48,643 [INFO] CADModel:165 - CPN selected for project level
2024-09-27 10:10:48,643 [INFO] CADModel:114 - Register for checkConnection events
2024-09-27 10:10:48,653 [INFO] IPUIPlugin:80 - create IPUIPlugin
2024-09-27 10:10:48,654 [INFO] PluginManager:220 - loadIPPluginJar : add adc
2024-09-27 10:10:48,656 [INFO] IPUIPlugin:80 - create IPUIPlugin
2024-09-27 10:10:48,656 [INFO] PluginManager:220 - loadIPPluginJar : add aes
2024-09-27 10:10:48,659 [INFO] IPUIPlugin:80 - create IPUIPlugin
2024-09-27 10:10:48,659 [INFO] PluginManager:220 - loadIPPluginJar : add can
2024-09-27 10:10:48,660 [INFO] IPUIPlugin:80 - create IPUIPlugin
2024-09-27 10:10:48,660 [INFO] PluginManager:220 - loadIPPluginJar : add comp
2024-09-27 10:10:48,663 [INFO] IPUIPlugin:80 - create IPUIPlugin
2024-09-27 10:10:48,663 [INFO] PluginManager:220 - loadIPPluginJar : add cryp
2024-09-27 10:10:48,666 [INFO] IPUIPlugin:80 - create IPUIPlugin
2024-09-27 10:10:48,666 [INFO] PluginManager:220 - loadIPPluginJar : add ddr_ctrl_phy
2024-09-27 10:10:48,669 [INFO] IPUIPlugin:80 - create IPUIPlugin
2024-09-27 10:10:48,669 [INFO] PluginManager:220 - loadIPPluginJar : add dfsdm
2024-09-27 10:10:48,673 [INFO] IPUIPlugin:80 - create IPUIPlugin
2024-09-27 10:10:48,674 [INFO] PluginManager:220 - loadIPPluginJar : add dma
2024-09-27 10:10:48,676 [INFO] IPUIPlugin:80 - create IPUIPlugin
2024-09-27 10:10:48,676 [INFO] PluginManager:220 - loadIPPluginJar : add dma3
2024-09-27 10:10:48,679 [INFO] IPUIPlugin:80 - create IPUIPlugin
2024-09-27 10:10:48,679 [INFO] PluginManager:220 - loadIPPluginJar : add extmemmanager
2024-09-27 10:10:48,681 [INFO] IPUIPlugin:80 - create IPUIPlugin
2024-09-27 10:10:48,681 [INFO] PluginManager:220 - loadIPPluginJar : add fatfs
2024-09-27 10:10:48,684 [INFO] IPUIPlugin:80 - create IPUIPlugin
2024-09-27 10:10:48,684 [INFO] PluginManager:220 - loadIPPluginJar : add fmc
2024-09-27 10:10:48,689 [INFO] IPUIPlugin:80 - create IPUIPlugin
2024-09-27 10:10:48,689 [INFO] PluginManager:220 - loadIPPluginJar : add freertos
2024-09-27 10:10:48,690 [INFO] IPUIPlugin:80 - create IPUIPlugin
2024-09-27 10:10:48,690 [INFO] PluginManager:220 - loadIPPluginJar : add genericplugin
2024-09-27 10:10:48,693 [INFO] IPUIPlugin:80 - create IPUIPlugin
2024-09-27 10:10:48,693 [INFO] PluginManager:220 - loadIPPluginJar : add gfxmmu
2024-09-27 10:10:48,696 [INFO] IPUIPlugin:80 - create IPUIPlugin
2024-09-27 10:10:48,696 [INFO] PluginManager:220 - loadIPPluginJar : add gic
2024-09-27 10:10:48,698 [INFO] IPUIPlugin:80 - create IPUIPlugin
2024-09-27 10:10:48,699 [INFO] PluginManager:220 - loadIPPluginJar : add gpio
2024-09-27 10:10:48,701 [INFO] IPUIPlugin:80 - create IPUIPlugin
2024-09-27 10:10:48,701 [INFO] PluginManager:220 - loadIPPluginJar : add gtzc
2024-09-27 10:10:48,703 [INFO] IPUIPlugin:80 - create IPUIPlugin
2024-09-27 10:10:48,704 [INFO] PluginManager:220 - loadIPPluginJar : add hash
2024-09-27 10:10:48,705 [INFO] IPUIPlugin:80 - create IPUIPlugin
2024-09-27 10:10:48,705 [INFO] PluginManager:220 - loadIPPluginJar : add i2c
2024-09-27 10:10:48,708 [INFO] IPUIPlugin:80 - create IPUIPlugin
2024-09-27 10:10:48,708 [INFO] PluginManager:220 - loadIPPluginJar : add i2s
2024-09-27 10:10:48,709 [INFO] IPUIPlugin:80 - create IPUIPlugin
2024-09-27 10:10:48,710 [INFO] PluginManager:220 - loadIPPluginJar : add i3c
2024-09-27 10:10:48,712 [INFO] IPUIPlugin:80 - create IPUIPlugin
2024-09-27 10:10:48,712 [INFO] PluginManager:220 - loadIPPluginJar : add ipddr
2024-09-27 10:10:48,718 [INFO] IPUIPlugin:80 - create IPUIPlugin
2024-09-27 10:10:48,718 [INFO] PluginManager:220 - loadIPPluginJar : add linkedlist
2024-09-27 10:10:48,721 [INFO] IPUIPlugin:80 - create IPUIPlugin
2024-09-27 10:10:48,721 [INFO] PluginManager:220 - loadIPPluginJar : add lorawan
2024-09-27 10:10:48,723 [INFO] IPUIPlugin:80 - create IPUIPlugin
2024-09-27 10:10:48,723 [INFO] PluginManager:220 - loadIPPluginJar : add ltdc
2024-09-27 10:10:48,726 [INFO] IPUIPlugin:80 - create IPUIPlugin
2024-09-27 10:10:48,726 [INFO] PluginManager:220 - loadIPPluginJar : add mdma
2024-09-27 10:10:48,729 [INFO] IPUIPlugin:80 - create IPUIPlugin
2024-09-27 10:10:48,729 [INFO] PluginManager:220 - loadIPPluginJar : add nvic
2024-09-27 10:10:48,731 [INFO] IPUIPlugin:80 - create IPUIPlugin
2024-09-27 10:10:48,732 [INFO] PluginManager:220 - loadIPPluginJar : add opamp
2024-09-27 10:10:48,735 [INFO] IPUIPlugin:80 - create IPUIPlugin
2024-09-27 10:10:48,735 [INFO] PluginManager:220 - loadIPPluginJar : add openamp
2024-09-27 10:10:48,737 [INFO] IPUIPlugin:80 - create IPUIPlugin
2024-09-27 10:10:48,737 [INFO] PluginManager:220 - loadIPPluginJar : add pdm2pcm
2024-09-27 10:10:48,741 [INFO] IPUIPlugin:80 - create IPUIPlugin
2024-09-27 10:10:48,743 [INFO] PluginManager:220 - loadIPPluginJar : add plateformsettings
2024-09-27 10:10:48,745 [INFO] IPUIPlugin:80 - create IPUIPlugin
2024-09-27 10:10:48,745 [INFO] PluginManager:220 - loadIPPluginJar : add quadspi
2024-09-27 10:10:48,747 [INFO] IPUIPlugin:80 - create IPUIPlugin
2024-09-27 10:10:48,747 [INFO] PluginManager:220 - loadIPPluginJar : add radio
2024-09-27 10:10:48,750 [INFO] IPUIPlugin:80 - create IPUIPlugin
2024-09-27 10:10:48,750 [INFO] PluginManager:220 - loadIPPluginJar : add resmgrutility
2024-09-27 10:10:48,753 [INFO] IPUIPlugin:80 - create IPUIPlugin
2024-09-27 10:10:48,753 [INFO] PluginManager:220 - loadIPPluginJar : add sai
2024-09-27 10:10:48,755 [INFO] IPUIPlugin:80 - create IPUIPlugin
2024-09-27 10:10:48,755 [INFO] PluginManager:220 - loadIPPluginJar : add spi
2024-09-27 10:10:48,759 [INFO] IPUIPlugin:80 - create IPUIPlugin
2024-09-27 10:10:48,759 [INFO] PluginManager:220 - loadIPPluginJar : add stm32_wpan
2024-09-27 10:10:48,761 [INFO] IPUIPlugin:80 - create IPUIPlugin
2024-09-27 10:10:48,761 [INFO] PluginManager:220 - loadIPPluginJar : add tim
2024-09-27 10:10:48,764 [INFO] IPUIPlugin:80 - create IPUIPlugin
2024-09-27 10:10:48,764 [INFO] PluginManager:220 - loadIPPluginJar : add touchsensing
2024-09-27 10:10:48,765 [INFO] IPUIPlugin:80 - create IPUIPlugin
2024-09-27 10:10:48,765 [INFO] PluginManager:220 - loadIPPluginJar : add tracer_emb
2024-09-27 10:10:48,767 [INFO] IPUIPlugin:80 - create IPUIPlugin
2024-09-27 10:10:48,768 [INFO] PluginManager:220 - loadIPPluginJar : add ts
2024-09-27 10:10:48,770 [INFO] IPUIPlugin:80 - create IPUIPlugin
2024-09-27 10:10:48,770 [INFO] PluginManager:220 - loadIPPluginJar : add tsc
2024-09-27 10:10:48,771 [INFO] IPUIPlugin:80 - create IPUIPlugin
2024-09-27 10:10:48,771 [INFO] PluginManager:220 - loadIPPluginJar : add ucpd
2024-09-27 10:10:48,774 [INFO] IPUIPlugin:80 - create IPUIPlugin
2024-09-27 10:10:48,774 [INFO] PluginManager:220 - loadIPPluginJar : add usart
2024-09-27 10:10:48,777 [INFO] IPUIPlugin:80 - create IPUIPlugin
2024-09-27 10:10:48,777 [INFO] PluginManager:220 - loadIPPluginJar : add usbx
2024-09-27 10:10:48,894 [INFO] CADModel:165 - CPN selected for project level
2024-09-27 10:10:48,894 [INFO] CADModel:114 - Register for checkConnection events
2024-09-27 10:10:48,895 [FATAL] Updater:334 - Updater called before beeing initialized
2024-09-27 10:10:48,895 [ERROR] CADModel:125 - Updater not yet initialized, retry later 
2024-09-27 10:10:48,985 [INFO] CADModel:165 - CPN selected for project level
2024-09-27 10:10:48,985 [INFO] CADModel:114 - Register for checkConnection events
2024-09-27 10:10:48,985 [FATAL] Updater:334 - Updater called before beeing initialized
2024-09-27 10:10:48,985 [ERROR] CADModel:125 - Updater not yet initialized, retry later 
2024-09-27 10:10:48,987 [FATAL] Updater:334 - Updater called before beeing initialized
2024-09-27 10:10:49,077 [FATAL] Updater:334 - Updater called before beeing initialized
2024-09-27 10:10:49,080 [INFO] DbMcusAds:53 - JSON generation date=Fri Sep 20 16:04:23 TRT 2024 (1726837463113)
2024-09-27 10:10:49,080 [FATAL] Updater:334 - Updater called before beeing initialized
2024-09-27 10:10:49,112 [WARN] DetailPanel:346 - Failed to get advertising image, set to default
2024-09-27 10:10:49,222 [FATAL] Updater:334 - Updater called before beeing initialized
2024-09-27 10:10:49,224 [FATAL] Updater:334 - Updater called before beeing initialized
2024-09-27 10:10:49,224 [FATAL] Updater:334 - Updater called before beeing initialized
2024-09-27 10:10:49,224 [WARN] DetailPanel:346 - Failed to get advertising image, set to default
2024-09-27 10:10:49,225 [FATAL] Updater:334 - Updater called before beeing initialized
2024-09-27 10:10:49,277 [ERROR] Updater:1164 - MainUpdater not yet initialized. External WinMGr cannot be set.
2024-09-27 10:10:49,280 [INFO] Updater:1100 - Updater Version found : 6.12.1
2024-09-27 10:10:49,297 [INFO] ApplicationProperties:184 - Using Application install path: C:\ST\STM32CubeIDE_1.16.1\STM32CubeIDE\plugins\com.st.stm32cube.common.mx_6.12.1.202409122256
2024-09-27 10:10:49,630 [INFO] MainUpdater:2873 - connection check result : 10
2024-09-27 10:10:49,631 [INFO] MainUpdater:290 - Updater Check For Update Now.
2024-09-27 10:10:49,631 [INFO] MicroXplorer:498 - Change Database Version : DB.6.0.121
2024-09-27 10:10:49,637 [INFO] McuFinderGlobals:63 - Set McuFinder mode to 2 (CubeIDE integrated)
2024-09-27 10:10:49,638 [INFO] UserAuth:179 - activating auth plugin
2024-09-27 10:10:49,640 [INFO] UserAuth:417 - Internet connection configuration mode: 1
2024-09-27 10:10:49,655 [INFO] JxBrowserEngine:152 - Initiate JxBrowser Engine with user profile folder
2024-09-27 10:10:49,827 [INFO] CheckServerUpdateThread:120 - End of CheckServer Thread
2024-09-27 10:10:52,503 [WARN] PackLoader:240 - Cannot read IP mode file for STMicroelectronics.FP-SNS-MOTENVWB1.1.4.0
2024-09-27 10:10:52,526 [WARN] PackLoader:240 - Cannot read IP mode file for STMicroelectronics.X-CUBE-SMBUS.2.1.0
2024-09-27 10:10:52,562 [WARN] PackLoader:240 - Cannot read IP mode file for STMicroelectronics.X-CUBE-AZRTOS-F7.1.1.0
2024-09-27 10:10:52,623 [WARN] PackLoader:240 - Cannot read IP mode file for STMicroelectronics.X-CUBE-MEMS1.11.0.0
2024-09-27 10:10:52,784 [WARN] PackLoader:240 - Cannot read IP mode file for STMicroelectronics.FP-SNS-FLIGHT1.5.0.2
2024-09-27 10:10:52,792 [WARN] PackLoader:240 - Cannot read IP mode file for STMicroelectronics.X-CUBE-DISPLAY.3.0.0
2024-09-27 10:10:52,807 [WARN] PackLoader:240 - Cannot read IP mode file for STMicroelectronics.X-CUBE-BLE1.7.0.0
2024-09-27 10:10:52,813 [WARN] PackLoader:240 - Cannot read IP mode file for STMicroelectronics.X-CUBE-NFC10.1.0.0
2024-09-27 10:10:52,821 [WARN] PackLoader:240 - Cannot read IP mode file for emotas.I-CUBE-CANOPEN.1.3.0
2024-09-27 10:10:52,831 [WARN] PackLoader:240 - Cannot read IP mode file for STMicroelectronics.X-CUBE-BLEMGR.3.1.0
2024-09-27 10:10:52,841 [WARN] PackLoader:240 - Cannot read IP mode file for STMicroelectronics.FP-SNS-SMARTAG2.1.2.0
2024-09-27 10:10:52,852 [INFO] LogOutputStream:77 - [STDOUT_REDIRECT] 1 : Invalid condition id : UX_CORESTACK_Condition cause : null
2024-09-27 10:10:52,853 [INFO] LogOutputStream:77 - [STDOUT_REDIRECT] 1 : Invalid condition id : UX_CORESTACK_Condition cause : null
2024-09-27 10:10:52,854 [INFO] LogOutputStream:77 - [STDOUT_REDIRECT] 1 : Invalid condition id : UX_CORESTACK_Condition cause : null
2024-09-27 10:10:52,856 [INFO] LogOutputStream:77 - [STDOUT_REDIRECT] 1 : Invalid condition id : UX_CORESTACK_Condition cause : null
2024-09-27 10:10:52,857 [INFO] LogOutputStream:77 - [STDOUT_REDIRECT] 1 : Invalid condition id : UX_CORESTACK_Condition cause : null
2024-09-27 10:10:52,859 [WARN] PackLoader:240 - Cannot read IP mode file for STMicroelectronics.X-CUBE-AZRTOS-WL.2.0.0
2024-09-27 10:10:52,866 [WARN] PackLoader:240 - Cannot read IP mode file for STMicroelectronics.FP-SNS-MOTENV1.5.0.0
2024-09-27 10:10:52,873 [WARN] PackLoader:240 - Cannot read IP mode file for wolfSSL.I-CUBE-wolfMQTT.1.19.0
2024-09-27 10:10:52,887 [WARN] PackLoader:240 - Cannot read IP mode file for WES.I-CUBE-Cesium.1.3.0
2024-09-27 10:10:52,893 [WARN] PackLoader:240 - Cannot read IP mode file for STMicroelectronics.X-CUBE-BLE2.3.3.0
2024-09-27 10:10:52,901 [WARN] PackLoader:240 - Cannot read IP mode file for STMicroelectronics.X-CUBE-NFC9.1.0.0
2024-09-27 10:10:52,911 [WARN] PackLoader:240 - Cannot read IP mode file for STMicroelectronics.X-CUBE-TCPP.4.1.0
2024-09-27 10:10:52,930 [WARN] PackLoader:240 - Cannot read IP mode file for STMicroelectronics.X-CUBE-AZRTOS-G0.1.1.0
2024-09-27 10:10:52,941 [WARN] PackLoader:240 - Cannot read IP mode file for STMicroelectronics.X-CUBE-SAFEA1.1.2.2
2024-09-27 10:10:52,949 [WARN] PackLoader:240 - Cannot read IP mode file for STMicroelectronics.X-CUBE-NFC4.3.0.0
2024-09-27 10:10:52,959 [WARN] PackLoader:240 - Cannot read IP mode file for EmbeddedOffice.I-CUBE-FS-RTOS.1.0.1
2024-09-27 10:10:52,959 [ERROR] ConditionMgr:805 - Attr not supported : Dmpu
2024-09-27 10:10:52,960 [ERROR] ConditionMgr:805 - Attr not supported : Dmpu
2024-09-27 10:10:52,960 [ERROR] ConditionMgr:805 - Attr not supported : Dmpu
2024-09-27 10:10:52,960 [ERROR] ConditionMgr:805 - Attr not supported : Dmpu
2024-09-27 10:10:52,960 [ERROR] ConditionMgr:805 - Attr not supported : Dmpu
2024-09-27 10:10:52,960 [ERROR] ConditionMgr:805 - Attr not supported : Dmpu
2024-09-27 10:10:52,960 [ERROR] ConditionMgr:805 - Attr not supported : Dmpu
2024-09-27 10:10:52,960 [ERROR] ConditionMgr:805 - Attr not supported : Dmpu
2024-09-27 10:10:52,960 [ERROR] ConditionMgr:805 - Attr not supported : Dmpu
2024-09-27 10:10:52,961 [ERROR] ConditionMgr:805 - Attr not supported : Dmpu
2024-09-27 10:10:52,961 [ERROR] ConditionMgr:805 - Attr not supported : Dmpu
2024-09-27 10:10:52,961 [ERROR] ConditionMgr:805 - Attr not supported : Dmpu
2024-09-27 10:10:52,961 [ERROR] ConditionMgr:805 - Attr not supported : Dmpu
2024-09-27 10:10:52,961 [ERROR] ConditionMgr:805 - Attr not supported : Dmpu
2024-09-27 10:10:52,961 [ERROR] ConditionMgr:805 - Attr not supported : Dmpu
2024-09-27 10:10:52,961 [ERROR] ConditionMgr:805 - Attr not supported : Dmpu
2024-09-27 10:10:52,961 [ERROR] ConditionMgr:805 - Attr not supported : Dmpu
2024-09-27 10:10:52,961 [ERROR] ConditionMgr:805 - Attr not supported : Dmpu
2024-09-27 10:10:52,961 [ERROR] ConditionMgr:805 - Attr not supported : Dmpu
2024-09-27 10:10:52,962 [ERROR] ConditionMgr:805 - Attr not supported : Dmpu
2024-09-27 10:10:52,962 [ERROR] ConditionMgr:805 - Attr not supported : Dmpu
2024-09-27 10:10:52,962 [ERROR] ConditionMgr:805 - Attr not supported : Dmpu
2024-09-27 10:10:52,962 [ERROR] ConditionMgr:805 - Attr not supported : Dmpu
2024-09-27 10:10:52,962 [ERROR] ConditionMgr:805 - Attr not supported : Dmpu
2024-09-27 10:10:52,962 [ERROR] ConditionMgr:805 - Attr not supported : Dmpu
2024-09-27 10:10:52,962 [ERROR] ConditionMgr:805 - Attr not supported : Dmpu
2024-09-27 10:10:52,963 [ERROR] ConditionMgr:805 - Attr not supported : Dmpu
2024-09-27 10:10:52,963 [ERROR] ConditionMgr:805 - Attr not supported : Dmpu
2024-09-27 10:10:52,963 [ERROR] ConditionMgr:805 - Attr not supported : Dmpu
2024-09-27 10:10:52,963 [ERROR] ConditionMgr:805 - Attr not supported : Dmpu
2024-09-27 10:10:52,963 [ERROR] ConditionMgr:805 - Attr not supported : Dmpu
2024-09-27 10:10:52,963 [ERROR] ConditionMgr:805 - Attr not supported : Dmpu
2024-09-27 10:10:52,963 [ERROR] ConditionMgr:805 - Attr not supported : Dmpu
2024-09-27 10:10:52,963 [ERROR] ConditionMgr:805 - Attr not supported : Dmpu
2024-09-27 10:10:52,963 [ERROR] ConditionMgr:805 - Attr not supported : Dmpu
2024-09-27 10:10:52,964 [ERROR] ConditionMgr:805 - Attr not supported : Dmpu
2024-09-27 10:10:52,964 [ERROR] ConditionMgr:805 - Attr not supported : Dmpu
2024-09-27 10:10:52,964 [ERROR] ConditionMgr:805 - Attr not supported : Dmpu
2024-09-27 10:10:52,964 [ERROR] ConditionMgr:805 - Attr not supported : Dmpu
2024-09-27 10:10:52,964 [ERROR] ConditionMgr:805 - Attr not supported : Dmpu
2024-09-27 10:10:52,964 [ERROR] ConditionMgr:805 - Attr not supported : Dmpu
2024-09-27 10:10:52,964 [ERROR] ConditionMgr:805 - Attr not supported : Dmpu
2024-09-27 10:10:52,964 [ERROR] ConditionMgr:805 - Attr not supported : Dmpu
2024-09-27 10:10:52,964 [ERROR] ConditionMgr:805 - Attr not supported : Dmpu
2024-09-27 10:10:52,964 [ERROR] ConditionMgr:805 - Attr not supported : Dmpu
2024-09-27 10:10:52,964 [ERROR] ConditionMgr:805 - Attr not supported : Dmpu
2024-09-27 10:10:52,965 [ERROR] ConditionMgr:805 - Attr not supported : Dmpu
2024-09-27 10:10:52,965 [ERROR] ConditionMgr:805 - Attr not supported : Dmpu
2024-09-27 10:10:52,965 [ERROR] ConditionMgr:805 - Attr not supported : Dmpu
2024-09-27 10:10:52,965 [ERROR] ConditionMgr:805 - Attr not supported : Dmpu
2024-09-27 10:10:52,965 [ERROR] ConditionMgr:805 - Attr not supported : Dmpu
2024-09-27 10:10:52,965 [ERROR] ConditionMgr:805 - Attr not supported : Dmpu
2024-09-27 10:10:52,965 [ERROR] ConditionMgr:805 - Attr not supported : Dmpu
2024-09-27 10:10:52,965 [ERROR] ConditionMgr:805 - Attr not supported : Dmpu
2024-09-27 10:10:52,965 [ERROR] ConditionMgr:805 - Attr not supported : Dmpu
2024-09-27 10:10:52,965 [ERROR] ConditionMgr:805 - Attr not supported : Dmpu
2024-09-27 10:10:52,965 [ERROR] ConditionMgr:805 - Attr not supported : Dmpu
2024-09-27 10:10:52,965 [ERROR] ConditionMgr:805 - Attr not supported : Dmpu
2024-09-27 10:10:52,965 [ERROR] ConditionMgr:805 - Attr not supported : Dmpu
2024-09-27 10:10:52,965 [ERROR] ConditionMgr:805 - Attr not supported : Dmpu
2024-09-27 10:10:52,965 [ERROR] ConditionMgr:805 - Attr not supported : Dmpu
2024-09-27 10:10:52,965 [INFO] WebApp:167 - Instantiating new browser for Auth
2024-09-27 10:10:52,965 [ERROR] ConditionMgr:805 - Attr not supported : Dmpu
2024-09-27 10:10:52,966 [ERROR] ConditionMgr:805 - Attr not supported : Dmpu
2024-09-27 10:10:52,966 [ERROR] ConditionMgr:805 - Attr not supported : Dmpu
2024-09-27 10:10:52,973 [WARN] PackLoader:240 - Cannot read IP mode file for RealThread.X-CUBE-RT-Thread_Nano.4.1.1
2024-09-27 10:10:52,978 [WARN] PackLoader:240 - Cannot read IP mode file for STMicroelectronics.FP-ATR-SIGFOX1.3.2.0
2024-09-27 10:10:52,984 [WARN] PackLoader:240 - Cannot read IP mode file for wolfSSL.I-CUBE-wolfSSL.5.7.2
2024-09-27 10:10:52,990 [WARN] PackLoader:240 - Cannot read IP mode file for STMicroelectronics.X-CUBE-EEPRMA1.5.1.0
2024-09-27 10:10:53,000 [WARN] PackLoader:240 - Cannot read IP mode file for ITTIA_DB.I-CUBE-ITTIADB.8.9.0
2024-09-27 10:10:53,035 [WARN] PackLoader:240 - Cannot read IP mode file for SEGGER.I-CUBE-embOS.1.3.1
2024-09-27 10:10:53,100 [WARN] PackLoader:240 - Cannot read IP mode file for STMicroelectronics.X-CUBE-ALGOBUILD.1.4.0
2024-09-27 10:10:53,118 [WARN] PackLoader:240 - Cannot read IP mode file for STMicroelectronics.X-CUBE-AZRTOS-F4.1.1.0
2024-09-27 10:10:53,128 [WARN] PackLoader:240 - Cannot read IP mode file for STMicroelectronics.X-CUBE-ISPU.2.1.0
2024-09-27 10:10:53,135 [WARN] PackLoader:240 - Cannot read IP mode file for STMicroelectronics.X-CUBE-FREERTOS.1.2.0
2024-09-27 10:10:53,158 [WARN] PackLoader:240 - Cannot read IP mode file for STMicroelectronics.X-CUBE-AZRTOS-L5.2.0.0
2024-09-27 10:10:53,168 [WARN] PackLoader:240 - Cannot read IP mode file for STMicroelectronics.X-CUBE-NFC6.3.1.0
2024-09-27 10:10:53,177 [WARN] PackLoader:240 - Cannot read IP mode file for STMicroelectronics.X-CUBE-DPower.1.2.0
2024-09-27 10:10:53,182 [WARN] PackLoader:240 - Cannot read IP mode file for STMicroelectronics.X-CUBE-AI.9.0.0
2024-09-27 10:10:53,191 [WARN] PackLoader:240 - Cannot read IP mode file for STMicroelectronics.X-CUBE-NFC7.1.0.1
2024-09-27 10:10:53,212 [WARN] ConditionMgr:438 - getConditionDescription Invalid condition id : LAN8742 Phy interface Condition cause : null
2024-09-27 10:10:53,212 [WARN] PackLoader:240 - Cannot read IP mode file for STMicroelectronics.X-CUBE-AZRTOS-L4.2.0.0
2024-09-27 10:10:53,213 [WARN] ConditionMgr:1039 - genDependencies : Invalid condition id : LAN8742 Phy interface Condition cause : null
2024-09-27 10:10:53,214 [WARN] ConditionMgr:1039 - genDependencies : Invalid condition id : LAN8742 Phy interface Condition cause : null
2024-09-27 10:10:53,214 [WARN] ConditionMgr:1039 - genDependencies : Invalid condition id : LAN8742 Phy interface Condition cause : null
2024-09-27 10:10:53,222 [WARN] PackLoader:240 - Cannot read IP mode file for STMicroelectronics.X-CUBE-SFXS2LP1.4.0.0
2024-09-27 10:10:53,245 [WARN] PackLoader:240 - Cannot read IP mode file for STMicroelectronics.X-CUBE-AZRTOS-H7.3.3.0
2024-09-27 10:10:53,263 [WARN] ConditionMgr:438 - getConditionDescription Invalid condition id : UX DEVICE CLASS RTOS Condition cause : null
2024-09-27 10:10:53,263 [WARN] ConditionMgr:438 - getConditionDescription Invalid condition id : UX DEVICE CLASS RTOS Condition cause : null
2024-09-27 10:10:53,266 [WARN] PackLoader:240 - Cannot read IP mode file for STMicroelectronics.X-CUBE-AZRTOS-WB.2.0.0
2024-09-27 10:10:53,266 [WARN] ConditionMgr:1039 - genDependencies : Invalid condition id : UX DEVICE CLASS RTOS Condition cause : null
2024-09-27 10:10:53,266 [WARN] ConditionMgr:1039 - genDependencies : Invalid condition id : UX DEVICE CLASS RTOS Condition cause : null
2024-09-27 10:10:53,267 [WARN] ConditionMgr:1039 - genDependencies : Invalid condition id : UX DEVICE CLASS RTOS Condition cause : null
2024-09-27 10:10:53,267 [WARN] ConditionMgr:1039 - genDependencies : Invalid condition id : UX DEVICE CLASS RTOS Condition cause : null
2024-09-27 10:10:53,267 [WARN] ConditionMgr:1039 - genDependencies : Invalid condition id : UX DEVICE CLASS RTOS Condition cause : null
2024-09-27 10:10:53,276 [WARN] PackLoader:240 - Cannot read IP mode file for STMicroelectronics.X-CUBE-GNSS1.7.0.0
2024-09-27 10:10:53,284 [WARN] PackLoader:240 - Cannot read IP mode file for STMicroelectronics.FP-SNS-STBOX1.2.0.0
2024-09-27 10:10:53,298 [WARN] PackLoader:240 - Cannot read IP mode file for STMicroelectronics.X-CUBE-SUBG2.5.0.0
2024-09-27 10:10:53,318 [WARN] PackLoader:240 - Cannot read IP mode file for Cesanta.I-CUBE-Mongoose.7.13.0
2024-09-27 10:10:53,338 [WARN] PackLoader:240 - Cannot read IP mode file for STMicroelectronics.X-CUBE-AZRTOS-G4.2.0.0
2024-09-27 10:10:53,344 [WARN] PackLoader:240 - Cannot read IP mode file for STMicroelectronics.X-CUBE-ALS.1.0.2
2024-09-27 10:10:53,351 [WARN] PackLoader:240 - Cannot read IP mode file for STMicroelectronics.X-CUBE-TOUCHGFX.4.24.0
2024-09-27 10:10:53,356 [WARN] PackLoader:240 - Cannot read IP mode file for STMicroelectronics.X-CUBE-TOUCHGFX.4.24.1
2024-09-27 10:10:53,361 [WARN] PackLoader:240 - Cannot read IP mode file for wolfSSL.I-CUBE-wolfTPM.3.4.0
2024-09-27 10:10:53,369 [WARN] PackLoader:240 - Cannot read IP mode file for portGmbH.I-Cube-SoM-uGOAL.1.1.0
2024-09-27 10:10:53,393 [WARN] PackLoader:240 - Cannot read IP mode file for STMicroelectronics.X-CUBE-AZRTOS-H7RS.1.0.0
2024-09-27 10:10:53,399 [WARN] PackLoader:240 - Cannot read IP mode file for STMicroelectronics.FP-ATR-ASTRA1.2.0.0
2024-09-27 10:10:53,415 [WARN] PackLoader:240 - Cannot read IP mode file for STMicroelectronics.X-CUBE-TOF1.3.4.2
2024-09-27 10:10:53,444 [WARN] PackLoader:240 - Cannot read IP mode file for Infineon.AIROC-Wi-Fi-Bluetooth-STM32.1.6.1
2024-09-27 10:10:53,456 [WARN] PackLoader:240 - Cannot read IP mode file for wolfSSL.I-CUBE-wolfSSH.1.4.17
2024-09-27 10:10:53,458 [INFO] ThirdParty:978 - Integrity check success = true
2024-09-27 10:10:53,458 [INFO] IntegrityCheckThread:100 - exiting critical section [integrity check]
2024-09-27 10:10:53,458 [INFO] IntegrityCheckThread:103 - End integrity checks thread
2024-09-27 10:10:53,891 [INFO] WebApp:448 - Apply proxy settings
2024-09-27 10:10:53,892 [INFO] WebApp:533 - Chromium requires no authentication
2024-09-27 10:10:53,900 [INFO] WebApp:476 - Direct internet connection detected
2024-09-27 10:10:53,917 [INFO] WebApp:869 - Register for checkConnection events
2024-09-27 10:10:53,917 [INFO] WebApp:448 - Apply proxy settings
2024-09-27 10:10:53,917 [INFO] WebApp:533 - Chromium requires no authentication
2024-09-27 10:10:53,917 [INFO] WebApp:476 - Direct internet connection detected
2024-09-27 10:10:54,078 [INFO] WebApp:220 - Starting web application
2024-09-27 10:10:54,078 [INFO] WebApp:578 - Web application path used C:\ST\STM32CubeIDE_1.16.1\STM32CubeIDE\plugins\com.st.stm32cube.common.mx_6.12.1.202409122256\db\plugins\mcufinder\reactClient1\index.html
2024-09-27 10:10:54,288 [INFO] WebApp:186 - Connection restablished
2024-09-27 12:26:40,840 [ERROR] LogOutputStream:75 - [STDERR_REDIRECT] 
